-------------------------------------------------------------------------------
Test set: com.ye.PeerAssessmentSystemApplicationTests
-------------------------------------------------------------------------------
Tests run: 1, Failures: 0, Errors: 1, Skipped: 0, Time elapsed: 2.454 s <<< FAILURE! - in com.ye.PeerAssessmentSystemApplicationTests
contextLoads  Time elapsed: 0.011 s  <<< ERROR!
java.lang.IllegalStateException: Failed to load ApplicationContext
Caused by: org.springframework.beans.factory.BeanCreationException: 
Error creating bean with name 'requestMappingHandlerMapping' defined in class path resource [org/springframework/boot/autoconfigure/web/servlet/WebMvcAutoConfiguration$EnableWebMvcConfiguration.class]: Invocation of init method failed; nested exception is java.lang.IllegalStateException: Ambiguous mapping. Cannot map 'userController' method 
com.ye.controller.UserController#modifySchoolCode(int, String, String)
to {PUT [/modifySchool]}: There is already 'userController' bean method
com.ye.controller.UserController#modifySchool(int, String, String) mapped.
Caused by: java.lang.IllegalStateException: 
Ambiguous mapping. Cannot map 'userController' method 
com.ye.controller.UserController#modifySchoolCode(int, String, String)
to {PUT [/modifySchool]}: There is already 'userController' bean method
com.ye.controller.UserController#modifySchool(int, String, String) mapped.

